This is pdfTeX, Version 3.141592653-2.6-1.40.28 (MiKTeX 25.12) (preloaded format=pdflatex 2026.6.17)  25 JUN 2026 13:29
entering extended mode
 restricted \write18 enabled.
 file:line:error style messages enabled.
 %&-line parsing enabled.
**c:/Users/jaestefaniah/Documents/LINCE/CODE/tfm/plantilla_tft_etsit/main.tex
(c:/Users/jaestefaniah/Documents/LINCE/CODE/tfm/plantilla_tft_etsit/main.tex
LaTeX2e <2025-11-01>
L3 programming layer <2025-12-24>
(C:\Users\jaestefaniah\AppData\Local\Programs\MiKTeX\tex/latex/base\book.cls
Document Class: book 2025/01/22 v1.4n Standard LaTeX document class
(C:\Users\jaestefaniah\AppData\Local\Programs\MiKTeX\tex/latex/base\bk12.clo
File: bk12.clo 2025/01/22 v1.4n Standard LaTeX file (size option)
)
\c@part=\count275
\c@chapter=\count276
\c@section=\count277
\c@subsection=\count278
\c@subsubsection=\count279
\c@paragraph=\count280
\c@subparagraph=\count281
\c@figure=\count282
\c@table=\count283
\abovecaptionskip=\skip49
\belowcaptionskip=\skip50
\bibindent=\dimen148
) (C:\Users\jaestefaniah\AppData\Local\Programs\MiKTeX\tex/latex/base\inputenc.sty
Package: inputenc 2024/02/08 v1.3d Input encoding file
\inpenc@prehook=\toks17
\inpenc@posthook=\toks18
) (C:\Users\jaestefaniah\AppData\Local\Programs\MiKTeX\tex/generic/babel\babel.sty
Package: babel 2025/12/11 v25.17 The multilingual framework for LuaLaTeX, pdfLaTeX and XeLaTeX
\babel@savecnt=\count284
LaTeX Encoding Info:    Redeclaring text command \ij (encoding OT1) on input line 2068.
LaTeX Encoding Info:    Redeclaring text command \IJ (encoding OT1) on input line 2070.
LaTeX Encoding Info:    Redeclaring text command \ij (encoding T1) on input line 2072.
LaTeX Encoding Info:    Redeclaring text command \IJ (encoding T1) on input line 2073.
LaTeX Encoding Info:    Ignoring declaration for text command \ij (encoding ?) on input line 2074.
LaTeX Encoding Info:    Ignoring declaration for text command \IJ (encoding ?) on input line 2076.
LaTeX Encoding Info:    Ignoring declaration for text command \SS (encoding ?) on input line 2101.
\U@D=\dimen149
\l@unhyphenated=\language79
 (C:\Users\jaestefaniah\AppData\Local\Programs\MiKTeX\tex/generic/babel\txtbabel.def)
\bbl@readstream=\read2
\bbl@dirlevel=\count285
Package babel Info: Configuration files are deprecated, as
(babel)             they can break document portability.
(babel)             Reported on input line 4196.

*************************************
* Local config file bblopts.cfg used
*
(C:\Users\jaestefaniah\AppData\Local\Programs\MiKTeX\tex/latex/arabi\bblopts.cfg
File: bblopts.cfg 2005/09/08 v0.1 add Arabic and Farsi to "declared" options of babel
) (C:\Users\jaestefaniah\AppData\Local\Programs\MiKTeX\tex/generic/babel/locale/es\babel-spanish.tex)
Package babel Info: Importing font and identification data for spanish
(babel)             from babel-es.ini. Reported on input line 4320.
 (C:\Users\jaestefaniah\AppData\Local\Programs\MiKTeX\tex/latex/babel-spanish\spanish.ldf
Language: spanish.ldf 2021/05/27 v5.0q Spanish support from the babel system
\es@quottoks=\toks19
\es@quotdepth=\count286
Package babel Info: Making " an active character on input line 570.
Package babel Info: Making . an active character on input line 675.
Package babel Info: Making < an active character on input line 722.
Package babel Info: Making > an active character on input line 722.
))
LaTeX Encoding Info:    Redeclaring text command \guillemotleft (encoding OT1) on input line 4.
LaTeX Encoding Info:    Redeclaring text command \guillemotright (encoding OT1) on input line 4.
 (C:\Users\jaestefaniah\AppData\Local\Programs\MiKTeX\tex/latex/fancyhdr\fancyhdr.sty
Package: fancyhdr 2025/02/07 v5.2 Extensive control of page headers and footers
\f@nch@headwidth=\skip51
\f@nch@offset@elh=\skip52
\f@nch@offset@erh=\skip53
\f@nch@offset@olh=\skip54
\f@nch@offset@orh=\skip55
\f@nch@offset@elf=\skip56
\f@nch@offset@erf=\skip57
\f@nch@offset@olf=\skip58
\f@nch@offset@orf=\skip59
\f@nch@height=\skip60
\f@nch@footalignment=\skip61
\f@nch@widthL=\skip62
\f@nch@widthC=\skip63
\f@nch@widthR=\skip64
\@temptokenb=\toks20
) (C:\Users\jaestefaniah\AppData\Local\Programs\MiKTeX\tex/latex/amsmath\amsmath.sty
Package: amsmath 2025/07/09 v2.17z AMS math features
\@mathmargin=\skip65

For additional information on amsmath, use the `?' option.
(C:\Users\jaestefaniah\AppData\Local\Programs\MiKTeX\tex/latex/amsmath\amstext.sty
Package: amstext 2024/11/17 v2.01 AMS text
 (C:\Users\jaestefaniah\AppData\Local\Programs\MiKTeX\tex/latex/amsmath\amsgen.sty
File: amsgen.sty 1999/11/30 v2.0 generic functions
\@emptytoks=\toks21
\ex@=\dimen150
)) (C:\Users\jaestefaniah\AppData\Local\Programs\MiKTeX\tex/latex/amsmath\amsbsy.sty
Package: amsbsy 1999/11/29 v1.2d Bold Symbols
\pmbraise@=\dimen151
) (C:\Users\jaestefaniah\AppData\Local\Programs\MiKTeX\tex/latex/amsmath\amsopn.sty
Package: amsopn 2022/04/08 v2.04 operator names
)
\inf@bad=\count287
LaTeX Info: Redefining \frac on input line 233.
\uproot@=\count288
\leftroot@=\count289
LaTeX Info: Redefining \overline on input line 398.
LaTeX Info: Redefining \colon on input line 409.
\classnum@=\count290
\DOTSCASE@=\count291
LaTeX Info: Redefining \ldots on input line 495.
LaTeX Info: Redefining \dots on input line 498.
LaTeX Info: Redefining \cdots on input line 619.
\Mathstrutbox@=\box53
\strutbox@=\box54
LaTeX Info: Redefining \big on input line 721.
LaTeX Info: Redefining \Big on input line 722.
LaTeX Info: Redefining \bigg on input line 723.
LaTeX Info: Redefining \Bigg on input line 724.
\big@size=\dimen152
LaTeX Font Info:    Redeclaring font encoding OML on input line 742.
LaTeX Font Info:    Redeclaring font encoding OMS on input line 743.
\macc@depth=\count292
LaTeX Info: Redefining \bmod on input line 904.
LaTeX Info: Redefining \pmod on input line 909.
LaTeX Info: Redefining \smash on input line 939.
LaTeX Info: Redefining \relbar on input line 969.
LaTeX Info: Redefining \Relbar on input line 970.
\c@MaxMatrixCols=\count293
\dotsspace@=\muskip17
\c@parentequation=\count294
\dspbrk@lvl=\count295
\tag@help=\toks22
\row@=\count296
\column@=\count297
\maxfields@=\count298
\andhelp@=\toks23
\eqnshift@=\dimen153
\alignsep@=\dimen154
\tagshift@=\dimen155
\tagwidth@=\dimen156
\totwidth@=\dimen157
\lineht@=\dimen158
\@envbody=\toks24
\multlinegap=\skip66
\multlinetaggap=\skip67
\mathdisplay@stack=\toks25
LaTeX Info: Redefining \[ on input line 2950.
LaTeX Info: Redefining \] on input line 2951.
) (C:\Users\jaestefaniah\AppData\Local\Programs\MiKTeX\tex/latex/mathtools\mathtools.sty
Package: mathtools 2024/10/04 v1.31 mathematical typesetting tools
 (C:\Users\jaestefaniah\AppData\Local\Programs\MiKTeX\tex/latex/graphics\keyval.sty
Package: keyval 2022/05/29 v1.15 key=value parser (DPC)
\KV@toks@=\toks26
) (C:\Users\jaestefaniah\AppData\Local\Programs\MiKTeX\tex/latex/tools\calc.sty
Package: calc 2025/03/01 v4.3b Infix arithmetic (KKT,FJ)
\calc@Acount=\count299
\calc@Bcount=\count300
\calc@Adimen=\dimen159
\calc@Bdimen=\dimen160
\calc@Askip=\skip68
\calc@Bskip=\skip69
LaTeX Info: Redefining \setlength on input line 86.
LaTeX Info: Redefining \addtolength on input line 87.
\calc@Ccount=\count301
\calc@Cskip=\skip70
) (C:\Users\jaestefaniah\AppData\Local\Programs\MiKTeX\tex/latex/mathtools\mhsetup.sty
Package: mhsetup 2021/03/18 v1.4 programming setup (MH)
)
\g_MT_multlinerow_int=\count302
\l_MT_multwidth_dim=\dimen161
\origjot=\skip71
\l_MT_shortvdotswithinadjustabove_dim=\dimen162
\l_MT_shortvdotswithinadjustbelow_dim=\dimen163
\l_MT_above_intertext_sep=\dimen164
\l_MT_below_intertext_sep=\dimen165
\l_MT_above_shortintertext_sep=\dimen166
\l_MT_below_shortintertext_sep=\dimen167
\xmathstrut@box=\box55
\xmathstrut@dim=\dimen168
) (C:\Users\jaestefaniah\AppData\Local\Programs\MiKTeX\tex/latex/amsfonts\amssymb.sty
Package: amssymb 2013/01/14 v3.01 AMS font symbols
 (C:\Users\jaestefaniah\AppData\Local\Programs\MiKTeX\tex/latex/amsfonts\amsfonts.sty
Package: amsfonts 2013/01/14 v3.01 Basic AMSFonts support
\symAMSa=\mathgroup4
\symAMSb=\mathgroup5
LaTeX Font Info:    Redeclaring math symbol \hbar on input line 98.
LaTeX Font Info:    Overwriting math alphabet `\mathfrak' in version `bold'
(Font)                  U/euf/m/n --> U/euf/b/n on input line 106.
)) (C:\Users\jaestefaniah\AppData\Local\Programs\MiKTeX\tex/latex/eurosym\eurosym.sty
Package: eurosym 1998/08/06 v1.1 European currency symbol ``Euro''
\@eurobox=\box56
) (C:\Users\jaestefaniah\AppData\Local\Programs\MiKTeX\tex/latex/graphics\graphicx.sty
Package: graphicx 2024/12/31 v1.2e Enhanced LaTeX Graphics (DPC,SPQR)
 (C:\Users\jaestefaniah\AppData\Local\Programs\MiKTeX\tex/latex/graphics\graphics.sty
Package: graphics 2024/08/06 v1.4g Standard LaTeX Graphics (DPC,SPQR)
 (C:\Users\jaestefaniah\AppData\Local\Programs\MiKTeX\tex/latex/graphics\trig.sty
Package: trig 2023/12/02 v1.11 sin cos tan (DPC)
) (C:\Users\jaestefaniah\AppData\Local\Programs\MiKTeX\tex/latex/graphics-cfg\graphics.cfg
File: graphics.cfg 2016/06/04 v1.11 sample graphics configuration
)
Package graphics Info: Driver file: pdftex.def on input line 106.
 (C:\Users\jaestefaniah\AppData\Local\Programs\MiKTeX\tex/latex/graphics-def\pdftex.def
File: pdftex.def 2025/09/29 v1.2d Graphics/color driver for pdftex
))
\Gin@req@height=\dimen169
\Gin@req@width=\dimen170
) (C:\Users\jaestefaniah\AppData\Local\Programs\MiKTeX\tex/latex/float\float.sty
Package: float 2001/11/08 v1.3d Float enhancements (AL)
\c@float@type=\count303
\float@exts=\toks27
\float@box=\box57
\@float@everytoks=\toks28
\@floatcapt=\box58
) (C:\Users\jaestefaniah\AppData\Local\Programs\MiKTeX\tex/latex/vmargin\vmargin.sty
Package: vmargin 2004/07/15 V2.5 set document margins (VK)

Package: vmargin 2004/07/15 V2.5 set document margins (VK)
\PaperWidth=\dimen171
\PaperHeight=\dimen172
) (C:\Users\jaestefaniah\AppData\Local\Programs\MiKTeX\tex/latex/cancel\cancel.sty
Package: cancel 2013/04/12 v2.2 Cancel math terms
) (C:\Users\jaestefaniah\AppData\Local\Programs\MiKTeX\tex/latex/caption\caption.sty
Package: caption 2023/08/05 v3.6o Customizing captions (AR)
 (C:\Users\jaestefaniah\AppData\Local\Programs\MiKTeX\tex/latex/caption\caption3.sty
Package: caption3 2023/07/31 v2.4d caption3 kernel (AR)
\caption@tempdima=\dimen173
\captionmargin=\dimen174
\caption@leftmargin=\dimen175
\caption@rightmargin=\dimen176
\caption@width=\dimen177
\caption@indent=\dimen178
\caption@parindent=\dimen179
\caption@hangindent=\dimen180
Package caption Info: Standard document class detected.
)
\c@caption@flags=\count304
\c@continuedfloat=\count305
Package caption Info: float package is loaded.
) (C:\Users\jaestefaniah\AppData\Local\Programs\MiKTeX\tex/latex/caption\subcaption.sty
Package: subcaption 2023/07/28 v1.6b Sub-captions (AR)
Package caption Info: New subtype `subfigure' on input line 238.
\c@subfigure=\count306
Package caption Info: New subtype `subtable' on input line 238.
\c@subtable=\count307
) (C:\Users\jaestefaniah\AppData\Local\Programs\MiKTeX\tex/latex/appendix\appendix.sty
Package: appendix 2020/02/08 v1.2c extra appendix facilities
\c@@pps=\count308
\c@@ppsavesec=\count309
\c@@ppsaveapp=\count310
) (C:\Users\jaestefaniah\AppData\Local\Programs\MiKTeX\tex/latex/hyperref\hyperref.sty
Package: hyperref 2025-07-12 v7.01o Hypertext links for LaTeX
 (C:\Users\jaestefaniah\AppData\Local\Programs\MiKTeX\tex/generic/iftex\iftex.sty
Package: iftex 2024/12/12 v1.0g TeX engine tests
) (C:\Users\jaestefaniah\AppData\Local\Programs\MiKTeX\tex/latex/kvsetkeys\kvsetkeys.sty
Package: kvsetkeys 2022-10-05 v1.19 Key value parser (HO)
) (C:\Users\jaestefaniah\AppData\Local\Programs\MiKTeX\tex/generic/kvdefinekeys\kvdefinekeys.sty
Package: kvdefinekeys 2019-12-19 v1.6 Define keys (HO)
) (C:\Users\jaestefaniah\AppData\Local\Programs\MiKTeX\tex/generic/pdfescape\pdfescape.sty
Package: pdfescape 2019/12/09 v1.15 Implements pdfTeX's escape features (HO)
 (C:\Users\jaestefaniah\AppData\Local\Programs\MiKTeX\tex/generic/ltxcmds\ltxcmds.sty
Package: ltxcmds 2023-12-04 v1.26 LaTeX kernel commands for general use (HO)
) (C:\Users\jaestefaniah\AppData\Local\Programs\MiKTeX\tex/generic/pdftexcmds\pdftexcmds.sty
Package: pdftexcmds 2020-06-27 v0.33 Utility functions of pdfTeX for LuaTeX (HO)
 (C:\Users\jaestefaniah\AppData\Local\Programs\MiKTeX\tex/generic/infwarerr\infwarerr.sty
Package: infwarerr 2019/12/03 v1.5 Providing info/warning/error messages (HO)
)
Package pdftexcmds Info: \pdf@primitive is available.
Package pdftexcmds Info: \pdf@ifprimitive is available.
Package pdftexcmds Info: \pdfdraftmode found.
)) (C:\Users\jaestefaniah\AppData\Local\Programs\MiKTeX\tex/latex/hycolor\hycolor.sty
Package: hycolor 2020-01-27 v1.10 Color options for hyperref/bookmark (HO)
) (C:\Users\jaestefaniah\AppData\Local\Programs\MiKTeX\tex/latex/hyperref\nameref.sty
Package: nameref 2025-06-21 v2.57 Cross-referencing by name of section
 (C:\Users\jaestefaniah\AppData\Local\Programs\MiKTeX\tex/latex/refcount\refcount.sty
Package: refcount 2019/12/15 v3.6 Data extraction from label references (HO)
) (C:\Users\jaestefaniah\AppData\Local\Programs\MiKTeX\tex/generic/gettitlestring\gettitlestring.sty
Package: gettitlestring 2019/12/15 v1.6 Cleanup title references (HO)
 (C:\Users\jaestefaniah\AppData\Local\Programs\MiKTeX\tex/latex/kvoptions\kvoptions.sty
Package: kvoptions 2022-06-15 v3.15 Key value format for package options (HO)
))
\c@section@level=\count311
) (C:\Users\jaestefaniah\AppData\Local\Programs\MiKTeX\tex/latex/etoolbox\etoolbox.sty
Package: etoolbox 2025/10/02 v2.5m e-TeX tools for LaTeX (JAW)
\etb@tempcnta=\count312
) (C:\Users\jaestefaniah\AppData\Local\Programs\MiKTeX\tex/generic/stringenc\stringenc.sty
Package: stringenc 2019/11/29 v1.12 Convert strings between diff. encodings (HO)
)
\@linkdim=\dimen181
\Hy@linkcounter=\count313
\Hy@pagecounter=\count314
 (C:\Users\jaestefaniah\AppData\Local\Programs\MiKTeX\tex/latex/hyperref\pd1enc.def
File: pd1enc.def 2025-07-12 v7.01o Hyperref: PDFDocEncoding definition (HO)
Now handling font encoding PD1 ...
... no UTF-8 mapping file for font encoding PD1
) (C:\Users\jaestefaniah\AppData\Local\Programs\MiKTeX\tex/generic/intcalc\intcalc.sty
Package: intcalc 2019/12/15 v1.3 Expandable calculations with integers (HO)
)
\Hy@SavedSpaceFactor=\count315
 (C:\Users\jaestefaniah\AppData\Local\Programs\MiKTeX\tex/latex/hyperref\puenc.def
File: puenc.def 2025-07-12 v7.01o Hyperref: PDF Unicode definition (HO)
Now handling font encoding PU ...
... no UTF-8 mapping file for font encoding PU
)
Package hyperref Info: Hyper figures OFF on input line 4195.
Package hyperref Info: Link nesting OFF on input line 4200.
Package hyperref Info: Hyper index ON on input line 4203.
Package hyperref Info: Plain pages OFF on input line 4210.
Package hyperref Info: Backreferencing OFF on input line 4215.
Package hyperref Info: Implicit mode ON; LaTeX internals redefined.
Package hyperref Info: Bookmarks ON on input line 4462.
\c@Hy@tempcnt=\count316
 (C:\Users\jaestefaniah\AppData\Local\Programs\MiKTeX\tex/latex/url\url.sty
\Urlmuskip=\muskip18
Package: url 2013/09/16  ver 3.4  Verb mode for urls, etc.
)
LaTeX Info: Redefining \url on input line 4801.
\XeTeXLinkMargin=\dimen182
 (C:\Users\jaestefaniah\AppData\Local\Programs\MiKTeX\tex/generic/bitset\bitset.sty
Package: bitset 2019/12/09 v1.3 Handle bit-vector datatype (HO)
 (C:\Users\jaestefaniah\AppData\Local\Programs\MiKTeX\tex/generic/bigintcalc\bigintcalc.sty
Package: bigintcalc 2019/12/15 v1.5 Expandable calculations on big integers (HO)
))
\Fld@menulength=\count317
\Field@Width=\dimen183
\Fld@charsize=\dimen184
Package hyperref Info: Hyper figures OFF on input line 6078.
Package hyperref Info: Link nesting OFF on input line 6083.
Package hyperref Info: Hyper index ON on input line 6086.
Package hyperref Info: backreferencing OFF on input line 6093.
Package hyperref Info: Link coloring OFF on input line 6098.
Package hyperref Info: Link coloring with OCG OFF on input line 6103.
Package hyperref Info: PDF/A mode OFF on input line 6108.
\Hy@abspage=\count318
\c@Item=\count319
\c@Hfootnote=\count320
)
Package hyperref Info: Driver: hpdftex.
 (C:\Users\jaestefaniah\AppData\Local\Programs\MiKTeX\tex/latex/hyperref\hpdftex.def
File: hpdftex.def 2025-07-12 v7.01o Hyperref driver for pdfTeX
\Fld@listcount=\count321
\c@bookmark@seq@number=\count322
 (C:\Users\jaestefaniah\AppData\Local\Programs\MiKTeX\tex/latex/rerunfilecheck\rerunfilecheck.sty
Package: rerunfilecheck 2025-06-21 v1.11 Rerun checks for auxiliary files (HO)
 (C:\Users\jaestefaniah\AppData\Local\Programs\MiKTeX\tex/generic/uniquecounter\uniquecounter.sty
Package: uniquecounter 2019/12/15 v1.4 Provide unlimited unique counter (HO)
)
Package uniquecounter Info: New unique counter `rerunfilecheck' on input line 284.
)
\Hy@SectionHShift=\skip72
)
Package hyperref Info: Option `colorlinks' set `true' on input line 16.
 (C:\Users\jaestefaniah\AppData\Local\Programs\MiKTeX\tex/latex/tocbibind\tocbibind.sty
Package: tocbibind 2026/06/01 v1.5l extra ToC listings
Package tocbibind Info: The document has chapter divisions on input line 50.


Package tocbibind Note: Using chapter style headings, unless overridden.

) (C:\Users\jaestefaniah\AppData\Local\Programs\MiKTeX\tex/latex/listings\listings.sty
\lst@mode=\count323
\lst@gtempboxa=\box59
\lst@token=\toks29
\lst@length=\count324
\lst@currlwidth=\dimen185
\lst@column=\count325
\lst@pos=\count326
\lst@lostspace=\dimen186
\lst@width=\dimen187
\lst@newlines=\count327
\lst@lineno=\count328
\lst@maxwidth=\dimen188
 (C:\Users\jaestefaniah\AppData\Local\Programs\MiKTeX\tex/latex/listings\lstpatch.sty
File: lstpatch.sty 2025/11/14 1.11b (Carsten Heinz)
) (C:\Users\jaestefaniah\AppData\Local\Programs\MiKTeX\tex/latex/listings\lstmisc.sty
File: lstmisc.sty 2025/11/14 1.11b (Carsten Heinz)
\c@lstnumber=\count329
\lst@skipnumbers=\count330
\lst@framebox=\box60
) (C:\Users\jaestefaniah\AppData\Local\Programs\MiKTeX\tex/latex/listings\listings.cfg
File: listings.cfg 2025/11/14 1.11b listings configuration
))
Package: listings 2025/11/14 1.11b (Carsten Heinz)

==> First Aid for listings.sty no longer applied!
    Expected:
        2024/09/23 1.10c (Carsten Heinz)
    but found:
        2025/11/14 1.11b (Carsten Heinz)
    so I'm assuming it got fixed.
(C:\Users\jaestefaniah\AppData\Local\Programs\MiKTeX\tex/latex/xcolor\xcolor.sty
Package: xcolor 2024/09/29 v3.02 LaTeX color extensions (UK)
 (C:\Users\jaestefaniah\AppData\Local\Programs\MiKTeX\tex/latex/graphics-cfg\color.cfg
File: color.cfg 2016/01/02 v1.6 sample color configuration
)
Package xcolor Info: Driver file: pdftex.def on input line 274.
 (C:\Users\jaestefaniah\AppData\Local\Programs\MiKTeX\tex/latex/graphics\mathcolor.ltx)
Package xcolor Info: Model `cmy' substituted by `cmy0' on input line 1349.
Package xcolor Info: Model `hsb' substituted by `rgb' on input line 1353.
Package xcolor Info: Model `RGB' extended on input line 1365.
Package xcolor Info: Model `HTML' substituted by `rgb' on input line 1367.
Package xcolor Info: Model `Hsb' substituted by `hsb' on input line 1368.
Package xcolor Info: Model `tHsb' substituted by `hsb' on input line 1369.
Package xcolor Info: Model `HSB' substituted by `hsb' on input line 1370.
Package xcolor Info: Model `Gray' substituted by `gray' on input line 1371.
Package xcolor Info: Model `wave' substituted by `hsb' on input line 1372.
) (C:\Users\jaestefaniah\AppData\Local\Programs\MiKTeX\tex/latex/wrapfig\wrapfig.sty
\wrapoverhang=\dimen189
\WF@size=\dimen190
\c@WF@wrappedlines=\count331
\WF@box=\box61
\WF@everypar=\toks30
Package: wrapfig 2003/01/31  v 3.6
) (C:\Users\jaestefaniah\AppData\Local\Programs\MiKTeX\tex/latex/transparent\transparent.sty
Package: transparent 2025-06-23 v1.6 Transparency with color stacks
 (C:\Users\jaestefaniah\AppData\Local\Programs\MiKTeX\tex/latex/transparent\transparent-nometadata.sty
Package: transparent-nometadata 2025-06-23 v1.6 Transparency via pdfTeX's color stack (HO)
 (C:\Users\jaestefaniah\AppData\Local\Programs\MiKTeX\tex/latex/auxhook\auxhook.sty
Package: auxhook 2019-12-17 v1.6 Hooks for auxiliary files (HO)
))) (C:\Users\jaestefaniah\AppData\Local\Programs\MiKTeX\tex/latex/import\import.sty
Package: import 2020/04/01  v 6.2
) (C:\Users\jaestefaniah\AppData\Local\Programs\MiKTeX\tex/latex/tools\verbatim.sty
Package: verbatim 2024-01-22 v1.5x LaTeX2e package for verbatim enhancements
\every@verbatim=\toks31
\verbatim@line=\toks32
\verbatim@in@stream=\read3
) (C:\Users\jaestefaniah\AppData\Local\Programs\MiKTeX\tex/latex/tools\afterpage.sty
Package: afterpage 2023/07/04 v1.08 After-Page Package (DPC)
\AP@output=\toks33
\AP@partial=\box62
\AP@footins=\box63
) (C:\Users\jaestefaniah\AppData\Local\Programs\MiKTeX\tex/latex/emptypage\emptypage.sty
Package: emptypage 2010/05/30 v1.2 Suppress page numbers and headings on empty pages
) (C:\Users\jaestefaniah\AppData\Local\Programs\MiKTeX\tex/latex/parskip\parskip.sty
Package: parskip 2021-03-14 v2.0h non-zero parskip adjustments
) (C:\Users\jaestefaniah\AppData\Local\Programs\MiKTeX\tex/latex/booktabs\booktabs.sty
Package: booktabs 2020/01/12 v1.61803398 Publication quality tables
\heavyrulewidth=\dimen191
\lightrulewidth=\dimen192
\cmidrulewidth=\dimen193
\belowrulesep=\dimen194
\belowbottomsep=\dimen195
\aboverulesep=\dimen196
\abovetopsep=\dimen197
\cmidrulesep=\dimen198
\cmidrulekern=\dimen199
\defaultaddspace=\dimen256
\@cmidla=\count332
\@cmidlb=\count333
\@aboverulesep=\dimen257
\@belowrulesep=\dimen258
\@thisruleclass=\count334
\@lastruleclass=\count335
\@thisrulewidth=\dimen259
) (C:\Users\jaestefaniah\AppData\Local\Programs\MiKTeX\tex/latex/tools\longtable.sty
Package: longtable 2025-10-13 v4.24 Multi-page Table package (DPC)
\LTleft=\skip73
\LTright=\skip74
\LTpre=\skip75
\LTpost=\skip76
\LTchunksize=\count336
\LTcapwidth=\dimen260
\LT@head=\box64
\LT@firsthead=\box65
\LT@foot=\box66
\LT@lastfoot=\box67
\LT@gbox=\box68
\LT@cols=\count337
\LT@rows=\count338
\c@LT@tables=\count339
\c@LT@chunks=\count340
\LT@p@ftn=\toks34
) (C:\Users\jaestefaniah\AppData\Local\Programs\MiKTeX\tex/latex/tools\tabularx.sty
Package: tabularx 2023/12/11 v2.12a `tabularx' package (DPC)
 (C:\Users\jaestefaniah\AppData\Local\Programs\MiKTeX\tex/latex/tools\array.sty
Package: array 2025/09/25 v2.6n Tabular extension package (FMi)
\col@sep=\dimen261
\ar@mcellbox=\box69
\extrarowheight=\dimen262
\NC@list=\toks35
\extratabsurround=\skip77
\backup@length=\skip78
\ar@cellbox=\box70
)
\TX@col@width=\dimen263
\TX@old@table=\dimen264
\TX@old@col=\dimen265
\TX@target=\dimen266
\TX@delta=\dimen267
\TX@cols=\count341
\TX@ftn=\toks36
) (C:\Users\jaestefaniah\AppData\Local\Programs\MiKTeX\tex/latex/multirow\multirow.sty
Package: multirow 2024/11/12 v2.9 Span multiple rows of a table
\multirow@colwidth=\skip79
\multirow@cntb=\count342
\multirow@dima=\skip80
\bigstrutjot=\dimen268
)
\chapheadtopskip=\skip81
\chapheadsep=\skip82
\chapheadbelowskip=\skip83
 (C:\Users\jaestefaniah\AppData\Local\Programs\MiKTeX\tex/latex/l3backend\l3backend-pdftex.def
File: l3backend-pdftex.def 2025-10-09 L3 backend support: PDF output (pdfTeX)
\l__color_backend_stack_int=\count343
) (main.aux
LaTeX Info: Redefining \. on input line 12.
LaTeX Info: Redefining \% on input line 12.
Package babel Info: 'spanish' activates 'spanish' shorthands.
(babel)             Reported on input line 12.
)
\openout1 = `main.aux'.

LaTeX Font Info:    Checking defaults for OML/cmm/m/it on input line 135.
LaTeX Font Info:    ... okay on input line 135.
LaTeX Font Info:    Checking defaults for OMS/cmsy/m/n on input line 135.
LaTeX Font Info:    ... okay on input line 135.
LaTeX Font Info:    Checking defaults for OT1/cmr/m/n on input line 135.
LaTeX Font Info:    ... okay on input line 135.
LaTeX Font Info:    Checking defaults for T1/cmr/m/n on input line 135.
LaTeX Font Info:    ... okay on input line 135.
LaTeX Font Info:    Checking defaults for TS1/cmr/m/n on input line 135.
LaTeX Font Info:    ... okay on input line 135.
LaTeX Font Info:    Checking defaults for OMX/cmex/m/n on input line 135.
LaTeX Font Info:    ... okay on input line 135.
LaTeX Font Info:    Checking defaults for U/cmr/m/n on input line 135.
LaTeX Font Info:    ... okay on input line 135.
LaTeX Font Info:    Checking defaults for PD1/pdf/m/n on input line 135.
LaTeX Font Info:    ... okay on input line 135.
LaTeX Font Info:    Checking defaults for PU/pdf/m/n on input line 135.
LaTeX Font Info:    ... okay on input line 135.
LaTeX Info: Redefining \. on input line 135.
LaTeX Info: Redefining \% on input line 135.
 (C:\Users\jaestefaniah\AppData\Local\Programs\MiKTeX\tex/context/base/mkii\supp-pdf.mkii
[Loading MPS to PDF converter (version 2006.09.02).]
\scratchcounter=\count344
\scratchdimen=\dimen269
\scratchbox=\box71
\nofMPsegments=\count345
\nofMParguments=\count346
\everyMPshowfont=\toks37
\MPscratchCnt=\count347
\MPscratchDim=\dimen270
\MPnumerator=\count348
\makeMPintoPDFobject=\count349
\everyMPtoPDFconversion=\toks38
) (C:\Users\jaestefaniah\AppData\Local\Programs\MiKTeX\tex/latex/epstopdf-pkg\epstopdf-base.sty
Package: epstopdf-base 2020-01-24 v2.11 Base part for package epstopdf
Package epstopdf-base Info: Redefining graphics rule for `.eps' on input line 485.
 (C:\Users\jaestefaniah\AppData\Local\Programs\MiKTeX\tex/latex/00miktex\epstopdf-sys.cfg
File: epstopdf-sys.cfg 2021/03/18 v2.0 Configuration of epstopdf for MiKTeX
))
Package caption Info: Begin \AtBeginDocument code.
Package caption Info: hyperref package is loaded.
Package caption Info: listings package is loaded.
Package caption Info: longtable package is loaded.
 (C:\Users\jaestefaniah\AppData\Local\Programs\MiKTeX\tex/latex/caption\ltcaption.sty
Package: ltcaption 2021/01/08 v1.4c longtable captions (AR)
)
Package caption Info: wrapfig package is loaded.
Package caption Info: End \AtBeginDocument code.
Package hyperref Info: Link coloring ON on input line 135.
 (main.out) (main.out)
\@outlinefile=\write3
\openout3 = `main.out'.

\c@lstlisting=\count350
 (portada/portadaNaranja.tex
<portada/logosportada/byn.png, id=279, 708.246pt x 221.3871pt>
File: portada/logosportada/byn.png Graphic file (type png)
<use portada/logosportada/byn.png>
Package pdftex.def Info: portada/logosportada/byn.png  used on input line 14.
(pdftex.def)             Requested size: 284.52756pt x 88.94174pt.
 [1



{C:/Users/jaestefaniah/AppData/Local/MiKTeX/fonts/map/pdftex/pdftex.map} <./portada/logosportada/byn.png>]) (portada/segunda.tex [2

]
pdfTeX warning (ext4): destination with the same identifier (name{page.I}) has been already used, duplicate ignored
<to be read again> 
                   \relax 
l.30 \end{titlepage}
                     [1]) (portada/portadaBlanca.tex
pdfTeX warning (ext4): destination with the same identifier (name{page.II}) has been already used, duplicate ignored
<to be read again> 
                   \relax 
l.1 \begin{titlepage}
                      [2

]
<portada/logosportada/logoetsit.png, id=302, 708.246pt x 221.3871pt>
File: portada/logosportada/logoetsit.png Graphic file (type png)
<use portada/logosportada/logoetsit.png>
Package pdftex.def Info: portada/logosportada/logoetsit.png  used on input line 12.
(pdftex.def)             Requested size: 284.52756pt x 88.94174pt.

pdfTeX warning (ext4): destination with the same identifier (name{page.I}) has been already used, duplicate ignored
<to be read again> 
                   \relax 
l.28 \end{titlepage}
                     [1 <./portada/logosportada/logoetsit.png>]) (pre/resumen.tex)
File: portada/logosportada/logoetsit.png Graphic file (type png)
<use portada/logosportada/logoetsit.png>
Package pdftex.def Info: portada/logosportada/logoetsit.png  used on input line 152.
(pdftex.def)             Requested size: 85.35826pt x 26.68015pt.


Package fancyhdr Warning: \headheight is too small (12.0pt): 
(fancyhdr)                Make it at least 31.03018pt, for example:
(fancyhdr)                \setlength{\headheight}{31.03018pt}.
(fancyhdr)                You might also make \topmargin smaller:
(fancyhdr)                \addtolength{\topmargin}{-19.03018pt}.


pdfTeX warning (ext4): destination with the same identifier (name{page.II}) has been already used, duplicate ignored
<to be read again> 
                   \relax 
l.152 \newpage
               [2]
File: portada/logosportada/logoetsit.png Graphic file (type png)
<use portada/logosportada/logoetsit.png>
Package pdftex.def Info: portada/logosportada/logoetsit.png  used on input line 152.
(pdftex.def)             Requested size: 85.35826pt x 26.68015pt.


Package fancyhdr Warning: \headheight is too small (12.0pt): 
(fancyhdr)                Make it at least 31.03018pt, for example:
(fancyhdr)                \setlength{\headheight}{31.03018pt}.
(fancyhdr)                You might also make \topmargin smaller:
(fancyhdr)                \addtolength{\topmargin}{-19.03018pt}.

[3] (pre/greetings.tex)
File: portada/logosportada/logoetsit.png Graphic file (type png)
<use portada/logosportada/logoetsit.png>
Package pdftex.def Info: portada/logosportada/logoetsit.png  used on input line 156.
(pdftex.def)             Requested size: 85.35826pt x 26.68015pt.


Package fancyhdr Warning: \headheight is too small (12.0pt): 
(fancyhdr)                Make it at least 31.03018pt, for example:
(fancyhdr)                \setlength{\headheight}{31.03018pt}.
(fancyhdr)                You might also make \topmargin smaller:
(fancyhdr)                \addtolength{\topmargin}{-19.03018pt}.

[4] (main.toc
LaTeX Info: Redefining \. on input line 1.
LaTeX Info: Redefining \% on input line 1.


LaTeX Font Warning: Font shape `OT1/cmr/bx/sc' undefined
(Font)              using `OT1/cmr/bx/n' instead on input line 2.


Package spanish Warning: Replacing `OT1/cmr/bx/sc' by 
(spanish)                faked small caps on input line 2.


Package spanish Warning: Replacing `OT1/cmr/bx/sc' by 
(spanish)                faked small caps on input line 3.


Package spanish Warning: Replacing `OT1/cmr/bx/sc' by 
(spanish)                faked small caps on input line 4.

LaTeX Font Info:    Trying to load font information for U+msa on input line 54.
(C:\Users\jaestefaniah\AppData\Local\Programs\MiKTeX\tex/latex/amsfonts\umsa.fd
File: umsa.fd 2013/01/14 v3.01 AMS symbols A
)
LaTeX Font Info:    Trying to load font information for U+msb on input line 54.
 (C:\Users\jaestefaniah\AppData\Local\Programs\MiKTeX\tex/latex/amsfonts\umsb.fd
File: umsb.fd 2013/01/14 v3.01 AMS symbols B
)
File: portada/logosportada/logoetsit.png Graphic file (type png)
<use portada/logosportada/logoetsit.png>
Package pdftex.def Info: portada/logosportada/logoetsit.png  used on input line 89.
(pdftex.def)             Requested size: 85.35826pt x 26.68015pt.


Package fancyhdr Warning: \headheight is too small (12.0pt): 
(fancyhdr)                Make it at least 31.03018pt, for example:
(fancyhdr)                \setlength{\headheight}{31.03018pt}.
(fancyhdr)                You might also make \topmargin smaller:
(fancyhdr)                \addtolength{\topmargin}{-19.03018pt}.

[5])
\tf@toc=\write4
\openout4 = `main.toc'.

File: portada/logosportada/logoetsit.png Graphic file (type png)
<use portada/logosportada/logoetsit.png>
Package pdftex.def Info: portada/logosportada/logoetsit.png  used on input line 160.
(pdftex.def)             Requested size: 85.35826pt x 26.68015pt.


Package fancyhdr Warning: \headheight is too small (12.0pt): 
(fancyhdr)                Make it at least 31.03018pt, for example:
(fancyhdr)                \setlength{\headheight}{31.03018pt}.
(fancyhdr)                You might also make \topmargin smaller:
(fancyhdr)                \addtolength{\topmargin}{-19.03018pt}.

[6] (main.lof
LaTeX Info: Redefining \. on input line 1.
LaTeX Info: Redefining \% on input line 1.
)
\tf@lof=\write5
\openout5 = `main.lof'.

 (main.lot
LaTeX Info: Redefining \. on input line 1.
LaTeX Info: Redefining \% on input line 1.
)
\tf@lot=\write6
\openout6 = `main.lot'.

File: portada/logosportada/logoetsit.png Graphic file (type png)
<use portada/logosportada/logoetsit.png>
Package pdftex.def Info: portada/logosportada/logoetsit.png  used on input line 165.
(pdftex.def)             Requested size: 85.35826pt x 26.68015pt.


Package fancyhdr Warning: \headheight is too small (12.0pt): 
(fancyhdr)                Make it at least 31.03018pt, for example:
(fancyhdr)                \setlength{\headheight}{31.03018pt}.
(fancyhdr)                You might also make \topmargin smaller:
(fancyhdr)                \addtolength{\topmargin}{-19.03018pt}.

[7] (pre/acronimos.tex
File: portada/logosportada/logoetsit.png Graphic file (type png)
<use portada/logosportada/logoetsit.png>
Package pdftex.def Info: portada/logosportada/logoetsit.png  used on input line 39.
(pdftex.def)             Requested size: 85.35826pt x 26.68015pt.


Package fancyhdr Warning: \headheight is too small (12.0pt): 
(fancyhdr)                Make it at least 31.03018pt, for example:
(fancyhdr)                \setlength{\headheight}{31.03018pt}.
(fancyhdr)                You might also make \topmargin smaller:
(fancyhdr)                \addtolength{\topmargin}{-19.03018pt}.

[8]
File: portada/logosportada/logoetsit.png Graphic file (type png)
<use portada/logosportada/logoetsit.png>
Package pdftex.def Info: portada/logosportada/logoetsit.png  used on input line 83.
(pdftex.def)             Requested size: 85.35826pt x 26.68015pt.


Package fancyhdr Warning: \headheight is too small (12.0pt): 
(fancyhdr)                Make it at least 31.03018pt, for example:
(fancyhdr)                \setlength{\headheight}{31.03018pt}.
(fancyhdr)                You might also make \topmargin smaller:
(fancyhdr)                \addtolength{\topmargin}{-19.03018pt}.

[9])
File: portada/logosportada/logoetsit.png Graphic file (type png)
<use portada/logosportada/logoetsit.png>
Package pdftex.def Info: portada/logosportada/logoetsit.png  used on input line 169.
(pdftex.def)             Requested size: 85.35826pt x 26.68015pt.


Package fancyhdr Warning: \headheight is too small (12.0pt): 
(fancyhdr)                Make it at least 31.03018pt, for example:
(fancyhdr)                \setlength{\headheight}{31.03018pt}.
(fancyhdr)                You might also make \topmargin smaller:
(fancyhdr)                \addtolength{\topmargin}{-19.03018pt}.

[10]
Cap\'{\i }tulo 1.
(capitulos/cap1/intro.tex
File: portada/logosportada/logoetsit.png Graphic file (type png)
<use portada/logosportada/logoetsit.png>
Package pdftex.def Info: portada/logosportada/logoetsit.png  used on input line 43.
(pdftex.def)             Requested size: 85.35826pt x 26.68015pt.


Package fancyhdr Warning: \headheight is too small (12.0pt): 
(fancyhdr)                Make it at least 31.03018pt, for example:
(fancyhdr)                \setlength{\headheight}{31.03018pt}.
(fancyhdr)                You might also make \topmargin smaller:
(fancyhdr)                \addtolength{\topmargin}{-19.03018pt}.

[1

]) (capitulos/cap1/objetivos.tex
File: portada/logosportada/logoetsit.png Graphic file (type png)
<use portada/logosportada/logoetsit.png>
Package pdftex.def Info: portada/logosportada/logoetsit.png  used on input line 29.
(pdftex.def)             Requested size: 85.35826pt x 26.68015pt.


Package fancyhdr Warning: \headheight is too small (12.0pt): 
(fancyhdr)                Make it at least 31.03018pt, for example:
(fancyhdr)                \setlength{\headheight}{31.03018pt}.
(fancyhdr)                You might also make \topmargin smaller:
(fancyhdr)                \addtolength{\topmargin}{-19.03018pt}.

[2])
File: portada/logosportada/logoetsit.png Graphic file (type png)
<use portada/logosportada/logoetsit.png>
Package pdftex.def Info: portada/logosportada/logoetsit.png  used on input line 176.
(pdftex.def)             Requested size: 85.35826pt x 26.68015pt.


Package fancyhdr Warning: \headheight is too small (12.0pt): 
(fancyhdr)                Make it at least 31.03018pt, for example:
(fancyhdr)                \setlength{\headheight}{31.03018pt}.
(fancyhdr)                You might also make \topmargin smaller:
(fancyhdr)                \addtolength{\topmargin}{-19.03018pt}.

[3]
Cap\'{\i }tulo 2.
(capitulos/cap2/ejemplo.tex
File: portada/logosportada/logoetsit.png Graphic file (type png)
<use portada/logosportada/logoetsit.png>
Package pdftex.def Info: portada/logosportada/logoetsit.png  used on input line 42.
(pdftex.def)             Requested size: 85.35826pt x 26.68015pt.


Package fancyhdr Warning: \headheight is too small (12.0pt): 
(fancyhdr)                Make it at least 31.03018pt, for example:
(fancyhdr)                \setlength{\headheight}{31.03018pt}.
(fancyhdr)                You might also make \topmargin smaller:
(fancyhdr)                \addtolength{\topmargin}{-19.03018pt}.

[4]
File: portada/logosportada/logoetsit.png Graphic file (type png)
<use portada/logosportada/logoetsit.png>
Package pdftex.def Info: portada/logosportada/logoetsit.png  used on input line 99.
(pdftex.def)             Requested size: 85.35826pt x 26.68015pt.


Package fancyhdr Warning: \headheight is too small (12.0pt): 
(fancyhdr)                Make it at least 31.03018pt, for example:
(fancyhdr)                \setlength{\headheight}{31.03018pt}.
(fancyhdr)                You might also make \topmargin smaller:
(fancyhdr)                \addtolength{\topmargin}{-19.03018pt}.

[5]
File: portada/logosportada/logoetsit.png Graphic file (type png)
<use portada/logosportada/logoetsit.png>
Package pdftex.def Info: portada/logosportada/logoetsit.png  used on input line 148.
(pdftex.def)             Requested size: 85.35826pt x 26.68015pt.


Package fancyhdr Warning: \headheight is too small (12.0pt): 
(fancyhdr)                Make it at least 31.03018pt, for example:
(fancyhdr)                \setlength{\headheight}{31.03018pt}.
(fancyhdr)                You might also make \topmargin smaller:
(fancyhdr)                \addtolength{\topmargin}{-19.03018pt}.

[6]
File: portada/logosportada/logoetsit.png Graphic file (type png)
<use portada/logosportada/logoetsit.png>
Package pdftex.def Info: portada/logosportada/logoetsit.png  used on input line 191.
(pdftex.def)             Requested size: 85.35826pt x 26.68015pt.


Package fancyhdr Warning: \headheight is too small (12.0pt): 
(fancyhdr)                Make it at least 31.03018pt, for example:
(fancyhdr)                \setlength{\headheight}{31.03018pt}.
(fancyhdr)                You might also make \topmargin smaller:
(fancyhdr)                \addtolength{\topmargin}{-19.03018pt}.

[7])
File: portada/logosportada/logoetsit.png Graphic file (type png)
<use portada/logosportada/logoetsit.png>
Package pdftex.def Info: portada/logosportada/logoetsit.png  used on input line 180.
(pdftex.def)             Requested size: 85.35826pt x 26.68015pt.


Package fancyhdr Warning: \headheight is too small (12.0pt): 
(fancyhdr)                Make it at least 31.03018pt, for example:
(fancyhdr)                \setlength{\headheight}{31.03018pt}.
(fancyhdr)                You might also make \topmargin smaller:
(fancyhdr)                \addtolength{\topmargin}{-19.03018pt}.

[8]
Cap\'{\i }tulo 3.
(capitulos/cap3/ejemploDesarrollo.tex
File: portada/logosportada/logoetsit.png Graphic file (type png)
<use portada/logosportada/logoetsit.png>
Package pdftex.def Info: portada/logosportada/logoetsit.png  used on input line 45.
(pdftex.def)             Requested size: 85.35826pt x 26.68015pt.


Package fancyhdr Warning: \headheight is too small (12.0pt): 
(fancyhdr)                Make it at least 31.03018pt, for example:
(fancyhdr)                \setlength{\headheight}{31.03018pt}.
(fancyhdr)                You might also make \topmargin smaller:
(fancyhdr)                \addtolength{\topmargin}{-19.03018pt}.

[9]
Package hyperref Info: bookmark level for unknown lstlisting defaults to 0 on input line 48.
LaTeX Font Info:    Font shape `OT1/cmtt/bx/n' in size <10.95> not available
(Font)              Font shape `OT1/cmtt/m/n' tried instead on input line 49.

Underfull \vbox (badness 1112) has occurred while \output is active []

File: portada/logosportada/logoetsit.png Graphic file (type png)
<use portada/logosportada/logoetsit.png>
Package pdftex.def Info: portada/logosportada/logoetsit.png  used on input line 103.
(pdftex.def)             Requested size: 85.35826pt x 26.68015pt.


Package fancyhdr Warning: \headheight is too small (12.0pt): 
(fancyhdr)                Make it at least 31.03018pt, for example:
(fancyhdr)                \setlength{\headheight}{31.03018pt}.
(fancyhdr)                You might also make \topmargin smaller:
(fancyhdr)                \addtolength{\topmargin}{-19.03018pt}.

[10]
File: portada/logosportada/logoetsit.png Graphic file (type png)
<use portada/logosportada/logoetsit.png>
Package pdftex.def Info: portada/logosportada/logoetsit.png  used on input line 157.
(pdftex.def)             Requested size: 85.35826pt x 26.68015pt.


Package fancyhdr Warning: \headheight is too small (12.0pt): 
(fancyhdr)                Make it at least 31.03018pt, for example:
(fancyhdr)                \setlength{\headheight}{31.03018pt}.
(fancyhdr)                You might also make \topmargin smaller:
(fancyhdr)                \addtolength{\topmargin}{-19.03018pt}.

[11]
Overfull \hbox (10.12976pt too wide) in paragraph at lines 205--205
[]\OT1/cmr/bx/n/17.28 Herramientas pa-ra fa-ci-li-tar el de-sa-rro-llo del trans-
 []

File: portada/logosportada/logoetsit.png Graphic file (type png)
<use portada/logosportada/logoetsit.png>
Package pdftex.def Info: portada/logosportada/logoetsit.png  used on input line 215.
(pdftex.def)             Requested size: 85.35826pt x 26.68015pt.

Package fancyhdr Warning: \headheight is too small (12.0pt): 
(fancyhdr)                Make it at least 31.03018pt, for example:
(fancyhdr)                \setlength{\headheight}{31.03018pt}.
(fancyhdr)                You might also make \topmargin smaller:
(fancyhdr)                \addtolength{\topmargin}{-19.03018pt}.

[12]
File: portada/logosportada/logoetsit.png Graphic file (type png)
<use portada/logosportada/logoetsit.png>
Package pdftex.def Info: portada/logosportada/logoetsit.png  used on input line 263.
(pdftex.def)             Requested size: 85.35826pt x 26.68015pt.


Package fancyhdr Warning: \headheight is too small (12.0pt): 
(fancyhdr)                Make it at least 31.03018pt, for example:
(fancyhdr)                \setlength{\headheight}{31.03018pt}.
(fancyhdr)                You might also make \topmargin smaller:
(fancyhdr)                \addtolength{\topmargin}{-19.03018pt}.

[13]
Overfull \hbox (12.72249pt too wide) in paragraph at lines 279--284
[]\OT1/cmr/m/n/12 Adicionalmente, un blo-que de in-for-ma-ci^^Son del sis-te-ma si-tua-do en la di-rec-ci^^Son fi-ja \OT1/cmtt/m/n/12 0xA0020000
 []

LaTeX Font Info:    Font shape `OT1/cmtt/bx/n' in size <12> not available
(Font)              Font shape `OT1/cmtt/m/n' tried instead on input line 289.
File: portada/logosportada/logoetsit.png Graphic file (type png)
<use portada/logosportada/logoetsit.png>
Package pdftex.def Info: portada/logosportada/logoetsit.png  used on input line 318.
(pdftex.def)             Requested size: 85.35826pt x 26.68015pt.

Package fancyhdr Warning: \headheight is too small (12.0pt): 
(fancyhdr)                Make it at least 31.03018pt, for example:
(fancyhdr)                \setlength{\headheight}{31.03018pt}.
(fancyhdr)                You might also make \topmargin smaller:
(fancyhdr)                \addtolength{\topmargin}{-19.03018pt}.

[14]
Overfull \hbox (21.46971pt too wide) in paragraph at lines 328--331
[]\OT1/cmr/m/n/12 Para ca-da trans-cep-tor con in-te-rrup-ci^^Son RX ac-ti-va: re-co-no-ce la in-te-rrup-ci^^Son (INTC[]IAR),
 []


Overfull \hbox (0.63799pt too wide) in paragraph at lines 337--344
[]\OT1/cmr/m/n/12 Cada ins-tan-cia \OT1/cmtt/m/n/12 Transceiver \OT1/cmr/m/n/12 tie-ne aso-cia-da una ta-rea RTEMS de-di-ca-da (\OT1/cmtt/m/n/12 Rx[]Worker[]Task\OT1/cmr/m/n/12 )
 []


Overfull \hbox (74.07431pt too wide) in paragraph at lines 369--380
 [][] 
 []

File: portada/logosportada/logoetsit.png Graphic file (type png)
<use portada/logosportada/logoetsit.png>
Package pdftex.def Info: portada/logosportada/logoetsit.png  used on input line 383.
(pdftex.def)             Requested size: 85.35826pt x 26.68015pt.

Package fancyhdr Warning: \headheight is too small (12.0pt): 
(fancyhdr)                Make it at least 31.03018pt, for example:
(fancyhdr)                \setlength{\headheight}{31.03018pt}.
(fancyhdr)                You might also make \topmargin smaller:
(fancyhdr)                \addtolength{\topmargin}{-19.03018pt}.

[15]
File: portada/logosportada/logoetsit.png Graphic file (type png)
<use portada/logosportada/logoetsit.png>
Package pdftex.def Info: portada/logosportada/logoetsit.png  used on input line 426.
(pdftex.def)             Requested size: 85.35826pt x 26.68015pt.


Package fancyhdr Warning: \headheight is too small (12.0pt): 
(fancyhdr)                Make it at least 31.03018pt, for example:
(fancyhdr)                \setlength{\headheight}{31.03018pt}.
(fancyhdr)                You might also make \topmargin smaller:
(fancyhdr)                \addtolength{\topmargin}{-19.03018pt}.

[16]
Overfull \hbox (92.9377pt too wide) in paragraph at lines 472--474
[]\OT1/cmr/m/n/12 El es-quem^^Sati-co com-ple-to (12 ho-jas) y la BOM est^^San dis-po-ni-bles en \OT1/cmtt/m/n/12 HARDWARE/lince[]comunicacion[]serial/
 []

File: portada/logosportada/logoetsit.png Graphic file (type png)
<use portada/logosportada/logoetsit.png>
Package pdftex.def Info: portada/logosportada/logoetsit.png  used on input line 483.
(pdftex.def)             Requested size: 85.35826pt x 26.68015pt.

Package fancyhdr Warning: \headheight is too small (12.0pt): 
(fancyhdr)                Make it at least 31.03018pt, for example:
(fancyhdr)                \setlength{\headheight}{31.03018pt}.
(fancyhdr)                You might also make \topmargin smaller:
(fancyhdr)                \addtolength{\topmargin}{-19.03018pt}.

[17]
Overfull \hbox (13.42162pt too wide) in paragraph at lines 523--526
[]\OT1/cmr/m/n/12 Las l^^S^^Pneas CANH y CANL de ca-da ca-nal in-cor-po-ran dio-dos de pro-tec-ci^^Son ESD \OT1/cmr/bx/sc/12 ESDCAN24-
 []

File: portada/logosportada/logoetsit.png Graphic file (type png)
<use portada/logosportada/logoetsit.png>
Package pdftex.def Info: portada/logosportada/logoetsit.png  used on input line 533.
(pdftex.def)             Requested size: 85.35826pt x 26.68015pt.

Package fancyhdr Warning: \headheight is too small (12.0pt): 
(fancyhdr)                Make it at least 31.03018pt, for example:
(fancyhdr)                \setlength{\headheight}{31.03018pt}.
(fancyhdr)                You might also make \topmargin smaller:
(fancyhdr)                \addtolength{\topmargin}{-19.03018pt}.

[18]
File: portada/logosportada/logoetsit.png Graphic file (type png)
<use portada/logosportada/logoetsit.png>
Package pdftex.def Info: portada/logosportada/logoetsit.png  used on input line 588.
(pdftex.def)             Requested size: 85.35826pt x 26.68015pt.


Package fancyhdr Warning: \headheight is too small (12.0pt): 
(fancyhdr)                Make it at least 31.03018pt, for example:
(fancyhdr)                \setlength{\headheight}{31.03018pt}.
(fancyhdr)                You might also make \topmargin smaller:
(fancyhdr)                \addtolength{\topmargin}{-19.03018pt}.

[19]
Overfull \hbox (0.47197pt too wide) in paragraph at lines 588--595
[]\OT1/cmr/m/n/12 Para la va-li-da-ci^^Son de es-ta in-ter-faz se di-se~n^^So un blo-que VHDL aut^^Sono-mo, \OT1/cmtt/m/n/12 PWMx4[]auto[]test\OT1/cmr/m/n/12 ,
 []

File: portada/logosportada/logoetsit.png Graphic file (type png)
<use portada/logosportada/logoetsit.png>
Package pdftex.def Info: portada/logosportada/logoetsit.png  used on input line 648.
(pdftex.def)             Requested size: 85.35826pt x 26.68015pt.

Package fancyhdr Warning: \headheight is too small (12.0pt): 
(fancyhdr)                Make it at least 31.03018pt, for example:
(fancyhdr)                \setlength{\headheight}{31.03018pt}.
(fancyhdr)                You might also make \topmargin smaller:
(fancyhdr)                \addtolength{\topmargin}{-19.03018pt}.

[20]
File: portada/logosportada/logoetsit.png Graphic file (type png)
<use portada/logosportada/logoetsit.png>
Package pdftex.def Info: portada/logosportada/logoetsit.png  used on input line 699.
(pdftex.def)             Requested size: 85.35826pt x 26.68015pt.


Package fancyhdr Warning: \headheight is too small (12.0pt): 
(fancyhdr)                Make it at least 31.03018pt, for example:
(fancyhdr)                \setlength{\headheight}{31.03018pt}.
(fancyhdr)                You might also make \topmargin smaller:
(fancyhdr)                \addtolength{\topmargin}{-19.03018pt}.

[21]
File: portada/logosportada/logoetsit.png Graphic file (type png)
<use portada/logosportada/logoetsit.png>
Package pdftex.def Info: portada/logosportada/logoetsit.png  used on input line 756.
(pdftex.def)             Requested size: 85.35826pt x 26.68015pt.


Package fancyhdr Warning: \headheight is too small (12.0pt): 
(fancyhdr)                Make it at least 31.03018pt, for example:
(fancyhdr)                \setlength{\headheight}{31.03018pt}.
(fancyhdr)                You might also make \topmargin smaller:
(fancyhdr)                \addtolength{\topmargin}{-19.03018pt}.

[22]
LaTeX Font Info:    Trying to load font information for OMS+cmtt on input line 786.
LaTeX Font Info:    No file OMScmtt.fd. on input line 786.


LaTeX Font Warning: Font shape `OMS/cmtt/m/n' undefined
(Font)              using `OMS/cmsy/m/n' instead
(Font)              for symbol `textbackslash' on input line 786.


Overfull \hbox (148.34418pt too wide) in paragraph at lines 785--787
[]\OT1/cmr/m/n/12 Bucle de ini-cia-li-za-ci^^Son: \OT1/cmtt/m/n/12 Transceiver[]Init()\OT1/cmr/m/n/12 , \OT1/cmtt/m/n/12 Transceiver[]SetRxCallback() \OT1/cmr/m/n/12 y \OT1/cmtt/m/n/12 Transceiver[]SendString([]UART
 []

File: portada/logosportada/logoetsit.png Graphic file (type png)
<use portada/logosportada/logoetsit.png>
Package pdftex.def Info: portada/logosportada/logoetsit.png  used on input line 808.
(pdftex.def)             Requested size: 85.35826pt x 26.68015pt.

Package fancyhdr Warning: \headheight is too small (12.0pt): 
(fancyhdr)                Make it at least 31.03018pt, for example:
(fancyhdr)                \setlength{\headheight}{31.03018pt}.
(fancyhdr)                You might also make \topmargin smaller:
(fancyhdr)                \addtolength{\topmargin}{-19.03018pt}.

[23])
File: portada/logosportada/logoetsit.png Graphic file (type png)
<use portada/logosportada/logoetsit.png>
Package pdftex.def Info: portada/logosportada/logoetsit.png  used on input line 184.
(pdftex.def)             Requested size: 85.35826pt x 26.68015pt.


Package fancyhdr Warning: \headheight is too small (12.0pt): 
(fancyhdr)                Make it at least 31.03018pt, for example:
(fancyhdr)                \setlength{\headheight}{31.03018pt}.
(fancyhdr)                You might also make \topmargin smaller:
(fancyhdr)                \addtolength{\topmargin}{-19.03018pt}.

[24]
Cap\'{\i }tulo 4.
(capitulos/cap4/ejemploResultados.tex
Overfull \hbox (7.10164pt too wide) in paragraph at lines 29--29
[]\OT1/cmr/bx/n/17.28 Validaci^^Son de co-mu-ni-ca-cio-nes se-rie RS422/RS485 
 []

File: portada/logosportada/logoetsit.png Graphic file (type png)
<use portada/logosportada/logoetsit.png>
Package pdftex.def Info: portada/logosportada/logoetsit.png  used on input line 48.
(pdftex.def)             Requested size: 85.35826pt x 26.68015pt.

Package fancyhdr Warning: \headheight is too small (12.0pt): 
(fancyhdr)                Make it at least 31.03018pt, for example:
(fancyhdr)                \setlength{\headheight}{31.03018pt}.
(fancyhdr)                You might also make \topmargin smaller:
(fancyhdr)                \addtolength{\topmargin}{-19.03018pt}.

[25]
File: portada/logosportada/logoetsit.png Graphic file (type png)
<use portada/logosportada/logoetsit.png>
Package pdftex.def Info: portada/logosportada/logoetsit.png  used on input line 97.
(pdftex.def)             Requested size: 85.35826pt x 26.68015pt.


Package fancyhdr Warning: \headheight is too small (12.0pt): 
(fancyhdr)                Make it at least 31.03018pt, for example:
(fancyhdr)                \setlength{\headheight}{31.03018pt}.
(fancyhdr)                You might also make \topmargin smaller:
(fancyhdr)                \addtolength{\topmargin}{-19.03018pt}.

[26]
Underfull \vbox (badness 2460) has occurred while \output is active []

File: portada/logosportada/logoetsit.png Graphic file (type png)
<use portada/logosportada/logoetsit.png>
Package pdftex.def Info: portada/logosportada/logoetsit.png  used on input line 145.
(pdftex.def)             Requested size: 85.35826pt x 26.68015pt.


Package fancyhdr Warning: \headheight is too small (12.0pt): 
(fancyhdr)                Make it at least 31.03018pt, for example:
(fancyhdr)                \setlength{\headheight}{31.03018pt}.
(fancyhdr)                You might also make \topmargin smaller:
(fancyhdr)                \addtolength{\topmargin}{-19.03018pt}.

[27]
File: portada/logosportada/logoetsit.png Graphic file (type png)
<use portada/logosportada/logoetsit.png>
Package pdftex.def Info: portada/logosportada/logoetsit.png  used on input line 193.
(pdftex.def)             Requested size: 85.35826pt x 26.68015pt.


Package fancyhdr Warning: \headheight is too small (12.0pt): 
(fancyhdr)                Make it at least 31.03018pt, for example:
(fancyhdr)                \setlength{\headheight}{31.03018pt}.
(fancyhdr)                You might also make \topmargin smaller:
(fancyhdr)                \addtolength{\topmargin}{-19.03018pt}.

[28])
File: portada/logosportada/logoetsit.png Graphic file (type png)
<use portada/logosportada/logoetsit.png>
Package pdftex.def Info: portada/logosportada/logoetsit.png  used on input line 188.
(pdftex.def)             Requested size: 85.35826pt x 26.68015pt.


Package fancyhdr Warning: \headheight is too small (12.0pt): 
(fancyhdr)                Make it at least 31.03018pt, for example:
(fancyhdr)                \setlength{\headheight}{31.03018pt}.
(fancyhdr)                You might also make \topmargin smaller:
(fancyhdr)                \addtolength{\topmargin}{-19.03018pt}.

[29]
Cap\'{\i }tulo 5.
(capitulos/cap5/conclusiones.tex) (capitulos/cap5/lineasfuturas.tex
File: portada/logosportada/logoetsit.png Graphic file (type png)
<use portada/logosportada/logoetsit.png>
Package pdftex.def Info: portada/logosportada/logoetsit.png  used on input line 9.
(pdftex.def)             Requested size: 85.35826pt x 26.68015pt.


Package fancyhdr Warning: \headheight is too small (12.0pt): 
(fancyhdr)                Make it at least 31.03018pt, for example:
(fancyhdr)                \setlength{\headheight}{31.03018pt}.
(fancyhdr)                You might also make \topmargin smaller:
(fancyhdr)                \addtolength{\topmargin}{-19.03018pt}.

[30])
File: portada/logosportada/logoetsit.png Graphic file (type png)
<use portada/logosportada/logoetsit.png>
Package pdftex.def Info: portada/logosportada/logoetsit.png  used on input line 194.
(pdftex.def)             Requested size: 85.35826pt x 26.68015pt.


Package fancyhdr Warning: \headheight is too small (12.0pt): 
(fancyhdr)                Make it at least 31.03018pt, for example:
(fancyhdr)                \setlength{\headheight}{31.03018pt}.
(fancyhdr)                You might also make \topmargin smaller:
(fancyhdr)                \addtolength{\topmargin}{-19.03018pt}.

[31] (main.bbl)
File: portada/logosportada/logoetsit.png Graphic file (type png)
<use portada/logosportada/logoetsit.png>
Package pdftex.def Info: portada/logosportada/logoetsit.png  used on input line 198.
(pdftex.def)             Requested size: 85.35826pt x 26.68015pt.


Package fancyhdr Warning: \headheight is too small (12.0pt): 
(fancyhdr)                Make it at least 31.03018pt, for example:
(fancyhdr)                \setlength{\headheight}{31.03018pt}.
(fancyhdr)                You might also make \topmargin smaller:
(fancyhdr)                \addtolength{\topmargin}{-19.03018pt}.

[32] (capitulos/anexos/anexo1.tex
Overfull \hbox (6.60971pt too wide) in alignment at lines 13--17
 [] [] [] [] [] [] 
 []


Overfull \hbox (6.60971pt too wide) in alignment at lines 17--21
 [] [] [] [] [] [] 
 []


Overfull \hbox (6.60971pt too wide) in alignment at lines 21--23
 [] [] [] [] [] [] 
 []


Overfull \hbox (6.60971pt too wide) in alignment at lines 23--27
 [] [] [] [] [] [] 
 []


Overfull \hbox (6.60971pt too wide) in alignment at lines 27--82
 [] [] [] [] [] [] 
 []

capitulos/anexos/anexo1.tex:82: ignored error: Infinite glue shrinkage found in box being split
File: portada/logosportada/logoetsit.png Graphic file (type png)
<use portada/logosportada/logoetsit.png>
Package pdftex.def Info: portada/logosportada/logoetsit.png  used on input line 82.
(pdftex.def)             Requested size: 85.35826pt x 26.68015pt.


Package fancyhdr Warning: \headheight is too small (12.0pt): 
(fancyhdr)                Make it at least 31.03018pt, for example:
(fancyhdr)                \setlength{\headheight}{31.03018pt}.
(fancyhdr)                You might also make \topmargin smaller:
(fancyhdr)                \addtolength{\topmargin}{-19.03018pt}.

[33

]
Underfull \vbox (badness 10000) has occurred while \output is active []

File: portada/logosportada/logoetsit.png Graphic file (type png)
<use portada/logosportada/logoetsit.png>
Package pdftex.def Info: portada/logosportada/logoetsit.png  used on input line 120.
(pdftex.def)             Requested size: 85.35826pt x 26.68015pt.


Package fancyhdr Warning: \headheight is too small (12.0pt): 
(fancyhdr)                Make it at least 31.03018pt, for example:
(fancyhdr)                \setlength{\headheight}{31.03018pt}.
(fancyhdr)                You might also make \topmargin smaller:
(fancyhdr)                \addtolength{\topmargin}{-19.03018pt}.

[34]
Underfull \vbox (badness 10000) has occurred while \output is active []

File: portada/logosportada/logoetsit.png Graphic file (type png)
<use portada/logosportada/logoetsit.png>
Package pdftex.def Info: portada/logosportada/logoetsit.png  used on input line 172.
(pdftex.def)             Requested size: 85.35826pt x 26.68015pt.


Package fancyhdr Warning: \headheight is too small (12.0pt): 
(fancyhdr)                Make it at least 31.03018pt, for example:
(fancyhdr)                \setlength{\headheight}{31.03018pt}.
(fancyhdr)                You might also make \topmargin smaller:
(fancyhdr)                \addtolength{\topmargin}{-19.03018pt}.

[35]
Overfull \vbox (17.2147pt too high) has occurred while \output is active []

File: portada/logosportada/logoetsit.png Graphic file (type png)
<use portada/logosportada/logoetsit.png>
Package pdftex.def Info: portada/logosportada/logoetsit.png  used on input line 172.
(pdftex.def)             Requested size: 85.35826pt x 26.68015pt.


Package fancyhdr Warning: \headheight is too small (12.0pt): 
(fancyhdr)                Make it at least 31.03018pt, for example:
(fancyhdr)                \setlength{\headheight}{31.03018pt}.
(fancyhdr)                You might also make \topmargin smaller:
(fancyhdr)                \addtolength{\topmargin}{-19.03018pt}.

[36])
File: portada/logosportada/logoetsit.png Graphic file (type png)
<use portada/logosportada/logoetsit.png>
Package pdftex.def Info: portada/logosportada/logoetsit.png  used on input line 202.
(pdftex.def)             Requested size: 85.35826pt x 26.68015pt.


Package fancyhdr Warning: \headheight is too small (12.0pt): 
(fancyhdr)                Make it at least 31.03018pt, for example:
(fancyhdr)                \setlength{\headheight}{31.03018pt}.
(fancyhdr)                You might also make \topmargin smaller:
(fancyhdr)                \addtolength{\topmargin}{-19.03018pt}.

[37] (capitulos/anexos/anexoA.tex)
File: portada/logosportada/logoetsit.png Graphic file (type png)
<use portada/logosportada/logoetsit.png>
Package pdftex.def Info: portada/logosportada/logoetsit.png  used on input line 207.
(pdftex.def)             Requested size: 85.35826pt x 26.68015pt.


Package fancyhdr Warning: \headheight is too small (12.0pt): 
(fancyhdr)                Make it at least 31.03018pt, for example:
(fancyhdr)                \setlength{\headheight}{31.03018pt}.
(fancyhdr)                You might also make \topmargin smaller:
(fancyhdr)                \addtolength{\topmargin}{-19.03018pt}.

[38]
File: portada/logosportada/logoetsit.png Graphic file (type png)
<use portada/logosportada/logoetsit.png>
Package pdftex.def Info: portada/logosportada/logoetsit.png  used on input line 207.
(pdftex.def)             Requested size: 85.35826pt x 26.68015pt.


Package fancyhdr Warning: \headheight is too small (12.0pt): 
(fancyhdr)                Make it at least 31.03018pt, for example:
(fancyhdr)                \setlength{\headheight}{31.03018pt}.
(fancyhdr)                You might also make \topmargin smaller:
(fancyhdr)                \addtolength{\topmargin}{-19.03018pt}.

[39] (capitulos/anexos/anexoB.tex)
File: portada/logosportada/logoetsit.png Graphic file (type png)
<use portada/logosportada/logoetsit.png>
Package pdftex.def Info: portada/logosportada/logoetsit.png  used on input line 210.
(pdftex.def)             Requested size: 85.35826pt x 26.68015pt.


Package fancyhdr Warning: \headheight is too small (12.0pt): 
(fancyhdr)                Make it at least 31.03018pt, for example:
(fancyhdr)                \setlength{\headheight}{31.03018pt}.
(fancyhdr)                You might also make \topmargin smaller:
(fancyhdr)                \addtolength{\topmargin}{-19.03018pt}.

[40] (main.aux
LaTeX Info: Redefining \. on input line 12.
LaTeX Info: Redefining \% on input line 12.
)
 ***********
LaTeX2e <2025-11-01>
L3 programming layer <2025-12-24>
 ***********


LaTeX Font Warning: Some font shapes were not available, defaults substituted.

Package rerunfilecheck Info: File `main.out' has not changed.
(rerunfilecheck)             Checksum: BAF2E8C7DE95BA47D7F5FAF0ADB4C67E;13743.
 ) 
Here is how much of TeX's memory you used:
 17673 strings out of 467870
 285911 string characters out of 5414967
 835340 words of memory out of 5000000
 45895 multiletter control sequences out of 15000+600000
 639545 words of font info for 85 fonts, out of 8000000 for 9000
 1141 hyphenation exceptions out of 8191
 75i,16n,79p,598b,1277s stack positions out of 10000i,1000n,20000p,200000b,200000s
<C:/Users/jaestefaniah/AppData/Local/Programs/MiKTeX/fonts/type1/public/amsfonts/cm/cmbx10.pfb><C:/Users/jaestefaniah/AppData/Local/Programs/MiKTeX/fonts/type1/public/amsfonts/cm/cmbx12.pfb><C:/Users/jaestefaniah/AppData/Local/Programs/MiKTeX/fonts/type1/public/amsfonts/cm/cmbx8.pfb><C:/Users/jaestefaniah/AppData/Local/Programs/MiKTeX/fonts/type1/public/amsfonts/cm/cmcsc10.pfb><C:/Users/jaestefaniah/AppData/Local/Programs/MiKTeX/fonts/type1/public/amsfonts/cm/cmitt10.pfb><C:/Users/jaestefaniah/AppData/Local/Programs/MiKTeX/fonts/type1/public/amsfonts/cm/cmmi12.pfb><C:/Users/jaestefaniah/AppData/Local/Programs/MiKTeX/fonts/type1/public/amsfonts/cm/cmr10.pfb><C:/Users/jaestefaniah/AppData/Local/Programs/MiKTeX/fonts/type1/public/amsfonts/cm/cmr12.pfb><C:/Users/jaestefaniah/AppData/Local/Programs/MiKTeX/fonts/type1/public/amsfonts/cm/cmr6.pfb><C:/Users/jaestefaniah/AppData/Local/Programs/MiKTeX/fonts/type1/public/amsfonts/cm/cmsy10.pfb><C:/Users/jaestefaniah/AppData/Local/Programs/MiKTeX/fonts/type1/public/amsfonts/cm/cmti12.pfb><C:/Users/jaestefaniah/AppData/Local/Programs/MiKTeX/fonts/type1/public/amsfonts/cm/cmtt10.pfb><C:/Users/jaestefaniah/AppData/Local/Programs/MiKTeX/fonts/type1/public/amsfonts/cm/cmtt12.pfb><C:/Users/jaestefaniah/AppData/Local/Programs/MiKTeX/fonts/type1/public/eurosym/feybr10.pfb><C:/Users/jaestefaniah/AppData/Local/Programs/MiKTeX/fonts/type1/public/eurosym/feymr10.pfb>
Output written on main.pdf (54 pages, 995439 bytes).
PDF statistics:
 970 PDF objects out of 1000 (max. 8388607)
 321 named destinations out of 1000 (max. 500000)
 563 words of extra memory for PDF output out of 10000 (max. 10000000)

