\BOOKMARK [0][-]{chapter*.3}{\376\377\000R\000e\000s\000u\000m\000e\000n\000\040\000y\000\040\000P\000a\000l\000a\000b\000r\000a\000s\000\040\000C\000l\000a\000v\000e}{}% 1
\BOOKMARK [0][-]{chapter*.4}{\376\377\000A\000g\000r\000a\000d\000e\000c\000i\000m\000i\000e\000n\000t\000o\000s}{}% 2
\BOOKMARK [0][-]{chapter*.8}{\376\377\000L\000i\000s\000t\000a\000\040\000d\000e\000\040\000a\000c\000r\000\363\000n\000i\000m\000o\000s}{}% 3
\BOOKMARK [0][-]{chapter.1}{\376\377\000I\000n\000t\000r\000o\000d\000u\000c\000c\000i\000\363\000n\000\040\000y\000\040\000o\000b\000j\000e\000t\000i\000v\000o\000s}{}% 4
\BOOKMARK [1][-]{section.1.1}{\376\377\000I\000n\000t\000r\000o\000d\000u\000c\000c\000i\000\363\000n\000\040\000y\000\040\000m\000o\000t\000i\000v\000a\000c\000i\000\363\000n}{chapter.1}% 5
\BOOKMARK [1][-]{section.1.2}{\376\377\000M\000e\000t\000o\000d\000o\000l\000o\000g\000\355\000a}{chapter.1}% 6
\BOOKMARK [1][-]{section.1.3}{\376\377\000O\000b\000j\000e\000t\000i\000v\000o\000s}{chapter.1}% 7
\BOOKMARK [0][-]{chapter.2}{\376\377\000M\000a\000r\000c\000o\000\040\000t\000e\000\363\000r\000i\000c\000o}{}% 8
\BOOKMARK [1][-]{section.2.1}{\376\377\000P\000r\000o\000y\000e\000c\000t\000o\000\040\000L\000I\000N\000C\000E}{chapter.2}% 9
\BOOKMARK [1][-]{section.2.2}{\376\377\000M\000P\000S\000o\000C\000\040\000Z\000y\000n\000q\000\040\000U\000l\000t\000r\000a\000S\000c\000a\000l\000e\000+\000\040\000Z\000C\000U\0001\0000\0002}{chapter.2}% 10
\BOOKMARK [1][-]{section.2.3}{\376\377\000V\000i\000v\000a\000d\000o\000\040\000y\000\040\000V\000i\000t\000i\000s\000\040\000\050\000X\000i\000l\000i\000n\000x\000\051\000:\000\040\000P\000S\000\040\000y\000\040\000P\000L}{chapter.2}% 11
\BOOKMARK [2][-]{subsection.2.3.1}{\376\377\000V\000i\000v\000a\000d\000o\000\040\000D\000e\000s\000i\000g\000n\000\040\000S\000u\000i\000t\000e}{section.2.3}% 12
\BOOKMARK [2][-]{subsection.2.3.2}{\376\377\000V\000i\000t\000i\000s\000\040\000U\000n\000i\000f\000i\000e\000d\000\040\000S\000o\000f\000t\000w\000a\000r\000e\000\040\000P\000l\000a\000t\000f\000o\000r\000m}{section.2.3}% 13
\BOOKMARK [1][-]{section.2.4}{\376\377\000R\000T\000E\000M\000S}{chapter.2}% 14
\BOOKMARK [1][-]{section.2.5}{\376\377\000C\000o\000m\000u\000n\000i\000c\000a\000c\000i\000o\000n\000e\000s\000\040\000s\000e\000r\000i\000e}{chapter.2}% 15
\BOOKMARK [2][-]{subsection.2.5.1}{\376\377\000R\000S\0004\0008\0005}{section.2.5}% 16
\BOOKMARK [2][-]{subsection.2.5.2}{\376\377\000R\000S\0004\0002\0002}{section.2.5}% 17
\BOOKMARK [2][-]{subsection.2.5.3}{\376\377\000S\000p\000a\000c\000e\000W\000i\000r\000e}{section.2.5}% 18
\BOOKMARK [2][-]{subsection.2.5.4}{\376\377\000C\000A\000N}{section.2.5}% 19
\BOOKMARK [0][-]{chapter.3}{\376\377\000D\000e\000s\000a\000r\000r\000o\000l\000l\000o}{}% 20
\BOOKMARK [1][-]{section.3.1}{\376\377\000P\000r\000e\000p\000a\000r\000a\000c\000i\000\363\000n\000\040\000d\000e\000l\000\040\000e\000n\000t\000o\000r\000n\000o\000\040\000d\000e\000\040\000d\000e\000s\000a\000r\000r\000o\000l\000l\000o}{chapter.3}% 21
\BOOKMARK [2][-]{subsection.3.1.1}{\376\377\000I\000n\000s\000t\000a\000l\000a\000c\000i\000\363\000n\000\040\000d\000e\000\040\000V\000i\000v\000a\000d\000o\000\040\000y\000\040\000V\000i\000t\000i\000s}{section.3.1}% 22
\BOOKMARK [2][-]{subsection.3.1.2}{\376\377\000I\000n\000s\000t\000a\000l\000a\000c\000i\000\363\000n\000\040\000d\000e\000\040\000R\000T\000E\000M\000S}{section.3.1}% 23
\BOOKMARK [2][-]{subsection.3.1.3}{\376\377\000F\000l\000u\000j\000o\000\040\000d\000e\000\040\000d\000e\000s\000a\000r\000r\000o\000l\000l\000o\000\040\000c\000o\000m\000p\000l\000e\000t\000o}{section.3.1}% 24
\BOOKMARK [1][-]{section.3.2}{\376\377\000D\000i\000s\000e\000\361\000o\000\040\000d\000e\000l\000\040\000t\000r\000a\000n\000s\000c\000e\000p\000t\000o\000r\000\040\000s\000e\000r\000i\000e\000\040\000c\000o\000n\000f\000i\000g\000u\000r\000a\000b\000l\000e\000\040\000\050\000P\000L\000\051}{chapter.3}% 25
\BOOKMARK [2][-]{subsection.3.2.1}{\376\377\000T\000r\000a\000n\000s\000m\000i\000s\000o\000r}{section.3.2}% 26
\BOOKMARK [2][-]{subsection.3.2.2}{\376\377\000R\000e\000c\000e\000p\000t\000o\000r}{section.3.2}% 27
\BOOKMARK [2][-]{subsection.3.2.3}{\376\377\000O\000s\000c\000i\000l\000a\000d\000o\000r\000\040\000c\000o\000n\000t\000r\000o\000l\000a\000d\000o\000\040\000n\000u\000m\000\351\000r\000i\000c\000a\000m\000e\000n\000t\000e\000\040\000\050\000N\000C\000O\000\051}{section.3.2}% 28
\BOOKMARK [2][-]{subsection.3.2.4}{\376\377\000S\000h\000i\000f\000t\000-\000r\000e\000g\000i\000s\000t\000e\000r}{section.3.2}% 29
\BOOKMARK [2][-]{subsection.3.2.5}{\376\377\000F\000I\000F\000O}{section.3.2}% 30
\BOOKMARK [2][-]{subsection.3.2.6}{\376\377\000B\000l\000o\000q\000u\000e\000\040\000Z\000y\000n\000q\000\040\000U\000l\000t\000r\000a\000S\000c\000a\000l\000e\000+\000\040\000M\000P\000S\000o\000C}{section.3.2}% 31
\BOOKMARK [1][-]{section.3.3}{\376\377\000H\000e\000r\000r\000a\000m\000i\000e\000n\000t\000a\000s\000\040\000p\000a\000r\000a\000\040\000f\000a\000c\000i\000l\000i\000t\000a\000r\000\040\000e\000l\000\040\000d\000e\000s\000a\000r\000r\000o\000l\000l\000o\000\040\000d\000e\000l\000\040\000t\000r\000a\000n\000s\000c\000e\000p\000t\000o\000r\000\040\000\050\000P\000L\000\051}{chapter.3}% 32
\BOOKMARK [2][-]{subsection.3.3.1}{\376\377\000G\000e\000n\000e\000r\000a\000c\000i\000\363\000n\000\040\000d\000e\000\040\000t\000r\000a\000n\000s\000c\000e\000i\000v\000e\000r\000s\000\040\000c\000o\000n\000\040\000T\000C\000L}{section.3.3}% 33
\BOOKMARK [2][-]{subsection.3.3.2}{\376\377\000G\000e\000n\000e\000r\000a\000c\000i\000\363\000n\000\040\000d\000e\000\040\000p\000r\000o\000y\000e\000c\000t\000o\000\040\000c\000o\000n\000\040\000T\000C\000L}{section.3.3}% 34
\BOOKMARK [1][-]{section.3.4}{\376\377\000G\000e\000n\000e\000r\000a\000c\000i\000\363\000n\000\040\000d\000e\000l\000\040\000b\000i\000n\000a\000r\000i\000o\000\040\000e\000n\000\040\000V\000i\000t\000i\000s\000\040\000\050\000P\000S\000\051}{chapter.3}% 35
\BOOKMARK [1][-]{section.3.5}{\376\377\000D\000i\000s\000e\000\361\000o\000\040\000d\000e\000l\000\040\000d\000r\000i\000v\000e\000r\000\040\000s\000e\000r\000i\000e\000\040\000e\000n\000\040\000R\000T\000E\000M\000S\000\040\000\050\000P\000S\000\051}{chapter.3}% 36
\BOOKMARK [2][-]{subsection.3.5.1}{\376\377\000M\000o\000t\000i\000v\000a\000c\000i\000\363\000n\000\040\000y\000\040\000c\000o\000n\000t\000e\000x\000t\000o}{section.3.5}% 37
\BOOKMARK [2][-]{subsection.3.5.2}{\376\377\000I\000n\000t\000e\000r\000f\000a\000z\000\040\000h\000a\000r\000d\000w\000a\000r\000e\000:\000\040\000m\000a\000p\000a\000\040\000d\000e\000\040\000r\000e\000g\000i\000s\000t\000r\000o\000s}{section.3.5}% 38
\BOOKMARK [2][-]{subsection.3.5.3}{\376\377\000A\000r\000q\000u\000i\000t\000e\000c\000t\000u\000r\000a\000\040\000s\000o\000f\000t\000w\000a\000r\000e}{section.3.5}% 39
\BOOKMARK [2][-]{subsection.3.5.4}{\376\377\000D\000e\000s\000c\000u\000b\000r\000i\000m\000i\000e\000n\000t\000o\000\040\000d\000i\000n\000\341\000m\000i\000c\000o\000\040\000d\000e\000l\000\040\000h\000a\000r\000d\000w\000a\000r\000e}{section.3.5}% 40
\BOOKMARK [2][-]{subsection.3.5.5}{\376\377\000M\000o\000d\000e\000l\000o\000\040\000d\000e\000\040\000i\000n\000t\000e\000r\000r\000u\000p\000c\000i\000o\000n\000e\000s\000:\000\040\000I\000S\000R\000\040\000m\000a\000e\000s\000t\000r\000a\000\040\000y\000\040\000t\000a\000r\000e\000a\000s\000\040\000w\000o\000r\000k\000e\000r}{section.3.5}% 41
\BOOKMARK [2][-]{subsection.3.5.6}{\376\377\000I\000n\000i\000c\000i\000a\000l\000i\000z\000a\000c\000i\000\363\000n\000\040\000y\000\040\000c\000o\000n\000f\000i\000g\000u\000r\000a\000c\000i\000\363\000n\000\040\000d\000e\000l\000\040\000h\000a\000r\000d\000w\000a\000r\000e}{section.3.5}% 42
\BOOKMARK [2][-]{subsection.3.5.7}{\376\377\000A\000P\000I\000\040\000p\000\372\000b\000l\000i\000c\000a}{section.3.5}% 43
\BOOKMARK [2][-]{subsection.3.5.8}{\376\377\000D\000e\000c\000i\000s\000i\000o\000n\000e\000s\000\040\000d\000e\000\040\000d\000i\000s\000e\000\361\000o\000\040\000d\000e\000s\000t\000a\000c\000a\000d\000a\000s}{section.3.5}% 44
\BOOKMARK [1][-]{section.3.6}{\376\377\000D\000i\000s\000e\000\361\000o\000\040\000h\000a\000r\000d\000w\000a\000r\000e}{chapter.3}% 45
\BOOKMARK [2][-]{subsection.3.6.1}{\376\377\000D\000i\000s\000e\000\361\000o\000\040\000d\000e\000\040\000l\000a\000\040\000p\000l\000a\000c\000a\000\040\000d\000e\000\040\000c\000o\000m\000u\000n\000i\000c\000a\000c\000i\000\363\000n\000\040\000s\000e\000r\000i\000e\000\040\000\050\000d\000i\000s\000e\000\361\000o\000\040\000p\000r\000o\000p\000i\000o\000\051}{section.3.6}% 46
\BOOKMARK [2][-]{subsection.3.6.2}{\376\377\000D\000i\000s\000e\000\361\000o\000\040\000d\000e\000\040\000l\000a\000\040\000p\000l\000a\000c\000a\000\040\000C\000D\000H\000S}{section.3.6}% 47
\BOOKMARK [2][-]{subsection.3.6.3}{\376\377\000D\000i\000s\000e\000\361\000o\000\040\000d\000e\000\040\000l\000a\000\040\000p\000l\000a\000c\000a\000\040\000A\000O\000C\000S}{section.3.6}% 48
\BOOKMARK [2][-]{subsection.3.6.4}{\376\377\000F\000a\000b\000r\000i\000c\000a\000c\000i\000\363\000n}{section.3.6}% 49
\BOOKMARK [1][-]{section.3.7}{\376\377\000D\000e\000s\000a\000r\000r\000o\000l\000l\000o\000\040\000d\000e\000\040\000h\000e\000r\000r\000a\000m\000i\000e\000n\000t\000a\000s\000\040\000d\000e\000\040\000t\000e\000s\000t\000i\000n\000g}{chapter.3}% 50
\BOOKMARK [2][-]{subsection.3.7.1}{\376\377\000A\000p\000l\000i\000c\000a\000c\000i\000\363\000n\000\040\000d\000e\000\040\000t\000e\000s\000t\000i\000n\000g\000\040\000d\000e\000l\000\040\000d\000r\000i\000v\000e\000r\000\040\000s\000e\000r\000i\000e\000\040\000e\000n\000\040\000R\000T\000E\000M\000S}{section.3.7}% 51
\BOOKMARK [2][-]{subsection.3.7.2}{\376\377\000A\000p\000l\000i\000c\000a\000c\000i\000\363\000n\000\040\000d\000e\000\040\000t\000e\000s\000t\000i\000n\000g\000\040\000d\000e\000\040\000l\000a\000s\000\040\000p\000l\000a\000c\000a\000s\000\040\000C\000D\000H\000S\000\040\000y\000\040\000A\000O\000C\000S}{section.3.7}% 52
\BOOKMARK [2][-]{subsection.3.7.3}{\376\377\000V\000a\000l\000i\000d\000a\000c\000i\000\363\000n\000\040\000d\000e\000\040\000h\000a\000r\000d\000w\000a\000r\000e\000:\000\040\000a\000r\000n\000e\000s\000e\000s\000\040\000y\000\040\000e\000q\000u\000i\000p\000a\000m\000i\000e\000n\000t\000o}{section.3.7}% 53
\BOOKMARK [0][-]{chapter.4}{\376\377\000R\000e\000s\000u\000l\000t\000a\000d\000o\000s}{}% 54
\BOOKMARK [1][-]{section.4.1}{\376\377\000M\000o\000n\000t\000a\000j\000e\000\040\000d\000e\000l\000\040\000s\000i\000s\000t\000e\000m\000a}{chapter.4}% 55
\BOOKMARK [1][-]{section.4.2}{\376\377\000V\000a\000l\000i\000d\000a\000c\000i\000\363\000n\000\040\000d\000e\000\040\000c\000o\000m\000u\000n\000i\000c\000a\000c\000i\000o\000n\000e\000s\000\040\000s\000e\000r\000i\000e\000\040\000R\000S\0004\0002\0002\000/\000R\000S\0004\0008\0005}{chapter.4}% 56
\BOOKMARK [2][-]{subsection.4.2.1}{\376\377\000C\000D\000H\000S\000\040\040\024\000\040\0003\000\040\000t\000r\000a\000n\000s\000c\000e\000p\000t\000o\000r\000e\000s}{section.4.2}% 57
\BOOKMARK [2][-]{subsection.4.2.2}{\376\377\000A\000O\000C\000S\000\040\040\024\000\040\0005\000\040\000t\000r\000a\000n\000s\000c\000e\000p\000t\000o\000r\000e\000s}{section.4.2}% 58
\BOOKMARK [2][-]{subsection.4.2.3}{\376\377\000P\000r\000u\000e\000b\000a\000\040\000c\000o\000n\000\040\0001\0003\000\040\000t\000r\000a\000n\000s\000c\000e\000p\000t\000o\000r\000e\000s\000\040\000s\000i\000m\000u\000l\000t\000\341\000n\000e\000o\000s}{section.4.2}% 59
\BOOKMARK [1][-]{section.4.3}{\376\377\000V\000a\000l\000i\000d\000a\000c\000i\000\363\000n\000\040\000d\000e\000l\000\040\000b\000u\000s\000\040\000C\000A\000N}{chapter.4}% 60
\BOOKMARK [1][-]{section.4.4}{\376\377\000V\000a\000l\000i\000d\000a\000c\000i\000\363\000n\000\040\000d\000e\000l\000\040\000A\000D\000C\000\040\000S\000P\000I\000\040\000\050\000t\000e\000r\000m\000i\000s\000t\000o\000r\000e\000s\000\040\000C\000D\000H\000S\000\051}{chapter.4}% 61
\BOOKMARK [1][-]{section.4.5}{\376\377\000V\000a\000l\000i\000d\000a\000c\000i\000\363\000n\000\040\000P\000W\000M\000\040\000\050\000c\000a\000l\000e\000n\000t\000a\000d\000o\000r\000e\000s\000\040\000C\000D\000H\000S\000\040\000y\000\040\000p\000u\000e\000n\000t\000e\000s\000\040\000e\000n\000\040\000H\000\040\000A\000O\000C\000S\000\051}{chapter.4}% 62
\BOOKMARK [0][-]{chapter.5}{\376\377\000C\000o\000n\000c\000l\000u\000s\000i\000o\000n\000e\000s\000\040\000y\000\040\000l\000\355\000n\000e\000a\000s\000\040\000f\000u\000t\000u\000r\000a\000s}{}% 63
\BOOKMARK [1][-]{section.5.1}{\376\377\000C\000o\000n\000c\000l\000u\000s\000i\000o\000n\000e\000s}{chapter.5}% 64
\BOOKMARK [1][-]{section.5.2}{\376\377\000L\000\355\000n\000e\000a\000s\000\040\000f\000u\000t\000u\000r\000a\000s}{chapter.5}% 65
\BOOKMARK [0][-]{chapter*.107}{\376\377\000B\000i\000b\000l\000i\000o\000g\000r\000a\000f\000\355\000a}{}% 66
\BOOKMARK [0][-]{chapter*.108}{\376\377\000A\000n\000e\000x\000o\000\040\0001\000:\000\040\000M\000a\000p\000a\000s\000\040\000d\000e\000\040\000s\000e\000\361\000a\000l\000e\000s\000\040\000y\000\040\000t\000a\000b\000l\000a\000\040\000N\000C\000O}{}% 67
\BOOKMARK [0][-]{chapter*.116}{\376\377\000A\000n\000e\000x\000o\000\040\000A\000:\000\040\000A\000s\000p\000e\000c\000t\000o\000s\000\040\000\351\000t\000i\000c\000o\000s\000,\000\040\000e\000c\000o\000n\000\363\000m\000i\000c\000o\000s\000,\000\040\000s\000o\000c\000i\000a\000l\000e\000s\000\040\000y\000\040\000a\000m\000b\000i\000e\000n\000t\000a\000l\000e\000s}{}% 68
\BOOKMARK [0][-]{chapter*.117}{\376\377\000A\000n\000e\000x\000o\000\040\000B\000:\000\040\000P\000r\000e\000s\000u\000p\000u\000e\000s\000t\000o\000\040\000e\000c\000o\000n\000\363\000m\000i\000c\000o}{}% 69
